<?xml version="1.0" encoding="UTF-8" ?>
<testsuite tests="7" failures="0" name="com.javatechie.UserLogin.AppTest" time="0.017" errors="0" skipped="0">
  <properties>
[...]
</properties>
  <testcase classname="com.javatechie.UserLogin.AppTest" name="isUserAdminCreateLogin" time="0.012"/>
  <testcase classname="com.javatechie.UserLogin.AppTest" name="isNotUserAdminLogin" time="0.004"/>
  <testcase classname="com.javatechie.UserLogin.AppTest" name="isNotUserAdmin" time="0.001"/>
  <testcase classname="com.javatechie.UserLogin.AppTest" name="isUserAdminCreateRequest" time="0"/>
  <testcase classname="com.javatechie.UserLogin.AppTest" name="isUserAdminCancel" time="0"/>
  <testcase classname="com.javatechie.UserLogin.AppTest" name="isUserAdminDeleteLogin" time="0"/>
  <testcase classname="com.javatechie.UserLogin.AppTest" name="isUserAdminDelete" time="0"/>
</testsuite>