<?xml version="1.0" encoding="UTF-8" standalone="yes"?><!DOCTYPE report PUBLIC "-//JACOCO//DTD Report 1.1//EN" "report.dtd"><report name="UserLogin"><sessioninfo id="Xavier-b668c691" start="1688389323930" dump="1688389324603"/><sessioninfo id="Xavier-a4ae9a03" start="1688390413256" dump="1688390413765"/><sessioninfo id="Xavier-47cf6fa4" start="1688431834386" dump="1688431835047"/><sessioninfo id="Xavier-4e9e57f0" start="1688432146522" dump="1688432147055"/><sessioninfo id="Xavier-dc375d1e" start="1688562941027" dump="1688562994089"/><sessioninfo id="Xavier-ba430ffd" start="1688563046733" dump="1688563159974"/><sessioninfo id="Xavier-432f85af" start="1688563243948" dump="1688563250543"/><sessioninfo id="Xavier-c469a337" start="1688563266541" dump="1688563302961"/><sessioninfo id="Xavier-f70d02d6" start="1688563443718" dump="1688563709895"/><sessioninfo id="Xavier-f38a5dc9" start="1688563739701" dump="1688563740705"/><sessioninfo id="Xavier-1bc281c5" start="1688609588589" dump="1688609590209"/><sessioninfo id="Xavier-2047e5c1" start="1688609877846" dump="1688609879045"/><sessioninfo id="Xavier-1af3d852" start="1688610705940" dump="1688610706665"/><sessioninfo id="Xavier-e6de5b86" start="1688611093849" dump="1688611094570"/><sessioninfo id="Xavier-16fa78e4" start="1688611240203" dump="1688611240675"/><sessioninfo id="Xavier-d62091d8" start="1688612107730" dump="1688612108275"/><sessioninfo id="Xavier-72e04b2d" start="1688612316138" dump="1688612316824"/><sessioninfo id="Xavier-5fc18dbd" start="1688612493507" dump="1688612494102"/><sessioninfo id="Xavier-93bf8c85" start="1688612779719" dump="1688612780383"/><sessioninfo id="Xavier-a4180ce2" start="1688613019534" dump="1688613020164"/><package name="com/javatechie/UserLogin"><class name="com/javatechie/UserLogin/App" sourcefilename="App.java"><method name="&lt;init&gt;" desc="()V" line="9"><counter type="INSTRUCTION" missed="0" covered="3"/><counter type="LINE" missed="0" covered="1"/><counter type="COMPLEXITY" missed="0" covered="1"/><counter type="METHOD" missed="0" covered="1"/></method><method name="processRequest" desc="(Ljava/lang/String;Ljava/lang/Integer;)Z" line="12"><counter type="INSTRUCTION" missed="5" covered="57"/><counter type="BRANCH" missed="1" covered="11"/><counter type="LINE" missed="2" covered="20"/><counter type="COMPLEXITY" missed="1" covered="6"/><counter type="METHOD" missed="0" covered="1"/></method><counter type="INSTRUCTION" missed="5" covered="60"/><counter type="BRANCH" missed="1" covered="11"/><counter type="LINE" missed="2" covered="21"/><counter type="COMPLEXITY" missed="1" covered="7"/><counter type="METHOD" missed="0" covered="2"/><counter type="CLASS" missed="0" covered="1"/></class><sourcefile name="App.java"><line nr="9" mi="0" ci="3" mb="0" cb="0"/><line nr="12" mi="0" ci="3" mb="0" cb="2"/><line nr="13" mi="0" ci="3" mb="0" cb="0"/><line nr="14" mi="0" ci="2" mb="0" cb="0"/><line nr="17" mi="0" ci="4" mb="0" cb="2"/><line nr="18" mi="0" ci="3" mb="0" cb="0"/><line nr="20" mi="0" ci="3" mb="0" cb="2"/><line nr="21" mi="0" ci="3" mb="0" cb="0"/><line nr="22" mi="0" ci="2" mb="0" cb="0"/><line nr="24" mi="0" ci="3" mb="0" cb="0"/><line nr="25" mi="0" ci="2" mb="0" cb="0"/><line nr="28" mi="0" ci="4" mb="0" cb="2"/><line nr="29" mi="0" ci="4" mb="1" cb="1"/><line nr="30" mi="3" ci="0" mb="0" cb="0"/><line nr="31" mi="2" ci="0" mb="0" cb="0"/><line nr="33" mi="0" ci="3" mb="0" cb="0"/><line nr="34" mi="0" ci="3" mb="0" cb="2"/><line nr="35" mi="0" ci="3" mb="0" cb="0"/><line nr="36" mi="0" ci="2" mb="0" cb="0"/><line nr="38" mi="0" ci="3" mb="0" cb="0"/><line nr="39" mi="0" ci="3" mb="0" cb="0"/><line nr="40" mi="0" ci="2" mb="0" cb="0"/><line nr="45" mi="0" ci="2" mb="0" cb="0"/><counter type="INSTRUCTION" missed="5" covered="60"/><counter type="BRANCH" missed="1" covered="11"/><counter type="LINE" missed="2" covered="21"/><counter type="COMPLEXITY" missed="1" covered="7"/><counter type="METHOD" missed="0" covered="2"/><counter type="CLASS" missed="0" covered="1"/></sourcefile><counter type="INSTRUCTION" missed="5" covered="60"/><counter type="BRANCH" missed="1" covered="11"/><counter type="LINE" missed="2" covered="21"/><counter type="COMPLEXITY" missed="1" covered="7"/><counter type="METHOD" missed="0" covered="2"/><counter type="CLASS" missed="0" covered="1"/></package><counter type="INSTRUCTION" missed="5" covered="60"/><counter type="BRANCH" missed="1" covered="11"/><counter type="LINE" missed="2" covered="21"/><counter type="COMPLEXITY" missed="1" covered="7"/><counter type="METHOD" missed="0" covered="2"/><counter type="CLASS" missed="0" covered="1"/></report>